0 info it worked if it ends with ok
1 verbose cli [ '/usr/local/bin/node',
1 verbose cli   '/usr/local/bin/npm',
1 verbose cli   'install',
1 verbose cli   '--ignore-scripts' ]
2 info using npm@1.4.28
3 info using node@v0.10.33
4 error install Couldn't read dependencies
5 error package.json ENOENT, open '/root/gfxapi/package.json'
5 error package.json This is most likely not a problem with npm itself.
5 error package.json npm can't find a package.json file in your current directory.
6 error System Linux 3.10.0-123.8.1.el7.x86_64
7 error command "/usr/local/bin/node" "/usr/local/bin/npm" "install" "--ignore-scripts"
8 error cwd /root/gfxapi
9 error node -v v0.10.33
10 error npm -v 1.4.28
11 error path /root/gfxapi/package.json
12 error code ENOPACKAGEJSON
13 error errno 34
14 verbose exit [ 34, true ]
